<?xml version="1.0" encoding="UTF-8"?>
<testsuite name="ThreadGroupServiceTest" tests="1" skipped="0" failures="0" errors="0" timestamp="2021-12-07T14:57:49" hostname="USER-PC" time="1.047">
  <properties/>
  <testcase name="testThreadServiceMethods()" classname="ThreadGroupServiceTest" time="1.047"/>
  <system-out><![CDATA[]]></system-out>
  <system-err><![CDATA[]]></system-err>
</testsuite>
