<?xml version="1.0" encoding="UTF-8"?>
<testsuite name="ClassInfoPrinterTests" tests="2" skipped="0" failures="0" errors="0" timestamp="2021-12-07T15:03:08" hostname="USER-PC" time="0.066">
  <properties/>
  <testcase name="testInfoForExampleClassCat()" classname="ClassInfoPrinterTests" time="0.062"/>
  <testcase name="testInfoForExampleInterfaceAnimal()" classname="ClassInfoPrinterTests" time="0.003"/>
  <system-out><![CDATA[]]></system-out>
  <system-err><![CDATA[]]></system-err>
</testsuite>
