<?xml version="1.0" encoding="UTF-8"?>
<testsuite name="MyClassLoaderTests" tests="2" skipped="0" failures="0" errors="0" timestamp="2021-12-07T15:03:08" hostname="USER-PC" time="0.008">
  <properties/>
  <testcase name="loadSelfClass()" classname="MyClassLoaderTests" time="0.004"/>
  <testcase name="loadExampleClass()" classname="MyClassLoaderTests" time="0.003"/>
  <system-out><![CDATA[]]></system-out>
  <system-err><![CDATA[]]></system-err>
</testsuite>
