<?xml version="1.0" encoding="UTF-8"?>
<testsuite name="ServerTest" tests="4" skipped="0" failures="0" errors="0" timestamp="2021-12-07T14:51:08" hostname="USER-PC" time="0.227">
  <properties/>
  <testcase name="receiveObjectTest()" classname="ServerTest" time="0.177"/>
  <testcase name="successfulReceivingTest()" classname="ServerTest" time="0.008"/>
  <testcase name="acceptClientTest()" classname="ServerTest" time="0.007"/>
  <testcase name="readObjectTest()" classname="ServerTest" time="0.007"/>
  <system-out><![CDATA[]]></system-out>
  <system-err><![CDATA[]]></system-err>
</testsuite>
