<?xml version="1.0" encoding="UTF-8"?>
<testsuite name="ClientTest" tests="2" skipped="0" failures="0" errors="0" timestamp="2021-12-07T14:51:07" hostname="USER-PC" time="0.066">
  <properties/>
  <testcase name="getResponseTest()" classname="ClientTest" time="0.049"/>
  <testcase name="sendDeviceObjectTest()" classname="ClientTest" time="0.015"/>
  <system-out><![CDATA[]]></system-out>
  <system-err><![CDATA[]]></system-err>
</testsuite>
